SF:/Users/macbookpro/Documents/FlutterProject/Examples/test_themoviedb/lib/core/connection/client.dart
DA:4,1
DA:7,1
DA:8,2
DA:10,3
DA:15,1
LF:5
LH:5
end_of_record
SF:/Users/macbookpro/Documents/FlutterProject/Examples/test_themoviedb/lib/features/trending/datasource/object_dto/trending_response.dart
DA:5,2
DA:6,4
DA:9,2
DA:21,2
DA:22,2
DA:23,2
DA:25,10
DA:26,2
DA:27,2
DA:30,2
DA:31,1
DA:32,5
DA:33,1
DA:34,1
LF:14
LH:14
end_of_record
SF:/Users/macbookpro/Documents/FlutterProject/Examples/test_themoviedb/lib/features/trending/datasource/remote/remote_trending_impl.dart
DA:10,1
DA:13,1
DA:14,3
DA:17,3
LF:4
LH:4
end_of_record
SF:/Users/macbookpro/Documents/FlutterProject/Examples/test_themoviedb/lib/features/trending/datasource/object_dto/results.dart
DA:2,2
DA:36,4
DA:37,2
DA:38,2
DA:39,4
DA:40,2
DA:41,2
DA:42,2
DA:43,2
DA:44,2
DA:45,8
DA:46,2
DA:47,2
DA:48,2
DA:49,2
DA:50,4
DA:51,2
DA:54,2
DA:55,1
DA:56,1
DA:57,1
DA:58,1
DA:59,1
DA:60,1
DA:61,1
DA:62,1
DA:63,4
DA:64,1
DA:65,1
DA:66,1
DA:67,1
DA:68,1
DA:69,1
LF:33
LH:33
end_of_record
SF:/Users/macbookpro/Documents/FlutterProject/Examples/test_themoviedb/lib/core/connection/networkInfo.dart
DA:8,0
DA:13,0
DA:14,0
DA:16,0
LF:4
LH:0
end_of_record
SF:/Users/macbookpro/Documents/FlutterProject/Examples/test_themoviedb/lib/core/error/failure.dart
DA:4,2
DA:5,2
LF:2
LH:2
end_of_record
SF:/Users/macbookpro/Documents/FlutterProject/Examples/test_themoviedb/lib/features/trending/domain/repository/trending_repository_impl.dart
DA:14,1
DA:18,1
DA:19,3
DA:22,3
DA:25,2
DA:27,2
DA:29,1
DA:30,2
DA:31,1
DA:32,0
DA:33,1
DA:34,2
DA:38,2
LF:13
LH:12
end_of_record
SF:/Users/macbookpro/Documents/FlutterProject/Examples/test_themoviedb/lib/features/trending/domain/interactor/trending_interactor_impl.dart
DA:12,1
DA:15,1
DA:16,3
DA:18,2
DA:19,1
DA:20,1
DA:21,1
DA:23,1
LF:8
LH:8
end_of_record
SF:/Users/macbookpro/Documents/FlutterProject/Examples/test_themoviedb/lib/features/trending/domain/models/movie.dart
DA:4,0
DA:11,0
DA:12,0
DA:13,0
DA:14,0
DA:17,0
DA:18,0
DA:19,0
DA:21,0
DA:23,0
DA:26,0
DA:28,0
LF:12
LH:0
end_of_record
SF:/Users/macbookpro/Documents/FlutterProject/Examples/test_themoviedb/lib/features/trending/domain/interactor/trending_mapper.dart
DA:5,1
DA:6,1
DA:9,1
DA:10,0
DA:11,0
DA:12,0
DA:13,0
DA:14,1
LF:8
LH:4
end_of_record
SF:/Users/macbookpro/Documents/FlutterProject/Examples/test_themoviedb/lib/features/trending/presentation/bloc/trending_bloc.dart
DA:11,3
DA:14,1
DA:17,1
DA:18,2
DA:19,3
DA:20,2
DA:24,1
DA:27,2
DA:28,2
DA:29,2
DA:33,1
DA:34,1
DA:35,1
DA:36,1
DA:38,1
LF:15
LH:15
end_of_record
SF:/Users/macbookpro/Documents/FlutterProject/Examples/test_themoviedb/lib/features/trending/presentation/bloc/trending_event.dart
DA:4,1
DA:5,0
DA:6,0
LF:3
LH:1
end_of_record
SF:/Users/macbookpro/Documents/FlutterProject/Examples/test_themoviedb/lib/features/trending/presentation/bloc/trending_state.dart
DA:5,2
DA:6,1
DA:7,1
DA:19,2
DA:25,1
DA:26,3
DA:28,1
DA:30,2
LF:8
LH:8
end_of_record
